<?xml version="1.0" encoding="UTF-8"?>
<testsuites>
  <testsuite name="" tests="8" assertions="114" errors="0" warnings="0" failures="0" skipped="0" time="0.006125">
    <testsuite name="Project Test Suite" tests="8" assertions="114" errors="0" warnings="0" failures="0" skipped="0" time="0.006125">
      <testsuite name="App\Card\CardDeckNoJokerTest" file="/home/xi/dbwebb-kurser/mvc/me/report/tests/Card/CardDeckNoJokerTest.php" tests="1" assertions="11" errors="0" warnings="0" failures="0" skipped="0" time="0.003500">
        <testcase name="testCreateCardDeckNoJoker" class="App\Card\CardDeckNoJokerTest" classname="App.Card.CardDeckNoJokerTest" file="/home/xi/dbwebb-kurser/mvc/me/report/tests/Card/CardDeckNoJokerTest.php" line="16" assertions="11" time="0.003500"/>
      </testsuite>
      <testsuite name="App\Card\CardDeckTest" file="/home/xi/dbwebb-kurser/mvc/me/report/tests/Card/CardDeckTest.php" tests="1" assertions="12" errors="0" warnings="0" failures="0" skipped="0" time="0.000224">
        <testcase name="testCreateCardDeck" class="App\Card\CardDeckTest" classname="App.Card.CardDeckTest" file="/home/xi/dbwebb-kurser/mvc/me/report/tests/Card/CardDeckTest.php" line="12" assertions="12" time="0.000224"/>
      </testsuite>
      <testsuite name="App\Card\CardHandTest" file="/home/xi/dbwebb-kurser/mvc/me/report/tests/Card/CardHandTest.php" tests="1" assertions="17" errors="0" warnings="0" failures="0" skipped="0" time="0.000366">
        <testcase name="testCreateCardHand" class="App\Card\CardHandTest" classname="App.Card.CardHandTest" file="/home/xi/dbwebb-kurser/mvc/me/report/tests/Card/CardHandTest.php" line="16" assertions="17" time="0.000366"/>
      </testsuite>
      <testsuite name="App\Card\CardTest" file="/home/xi/dbwebb-kurser/mvc/me/report/tests/Card/CardTest.php" tests="1" assertions="6" errors="0" warnings="0" failures="0" skipped="0" time="0.000863">
        <testcase name="testCreateCard" class="App\Card\CardTest" classname="App.Card.CardTest" file="/home/xi/dbwebb-kurser/mvc/me/report/tests/Card/CardTest.php" line="16" assertions="6" time="0.000863"/>
      </testsuite>
      <testsuite name="App\Card\GameTest" file="/home/xi/dbwebb-kurser/mvc/me/report/tests/Card/GameTest.php" tests="2" assertions="45" errors="0" warnings="0" failures="0" skipped="0" time="0.000953">
        <testcase name="testCreateGame" class="App\Card\GameTest" classname="App.Card.GameTest" file="/home/xi/dbwebb-kurser/mvc/me/report/tests/Card/GameTest.php" line="16" assertions="30" time="0.000792"/>
        <testcase name="testGameScore" class="App\Card\GameTest" classname="App.Card.GameTest" file="/home/xi/dbwebb-kurser/mvc/me/report/tests/Card/GameTest.php" line="67" assertions="15" time="0.000161"/>
      </testsuite>
      <testsuite name="App\Card\PlayerTest" file="/home/xi/dbwebb-kurser/mvc/me/report/tests/Card/PlayerTest.php" tests="1" assertions="21" errors="0" warnings="0" failures="0" skipped="0" time="0.000074">
        <testcase name="testCreatePlayer" class="App\Card\PlayerTest" classname="App.Card.PlayerTest" file="/home/xi/dbwebb-kurser/mvc/me/report/tests/Card/PlayerTest.php" line="16" assertions="21" time="0.000074"/>
      </testsuite>
      <testsuite name="App\Dice\DiceTest" file="/home/xi/dbwebb-kurser/mvc/me/report/tests/Dice/DiceTest.php" tests="1" assertions="2" errors="0" warnings="0" failures="0" skipped="0" time="0.000146">
        <testcase name="testCreateDice" class="App\Dice\DiceTest" classname="App.Dice.DiceTest" file="/home/xi/dbwebb-kurser/mvc/me/report/tests/Dice/DiceTest.php" line="16" assertions="2" time="0.000146"/>
      </testsuite>
    </testsuite>
  </testsuite>
</testsuites>
