<?xml version="1.0" encoding="UTF-8"?>
<testsuites>
  <testsuite name="" tests="18" assertions="232" errors="0" warnings="0" failures="0" skipped="0" time="0.047876">
    <testsuite name="Project Test Suite" tests="18" assertions="232" errors="0" warnings="0" failures="0" skipped="0" time="0.047876">
      <testsuite name="App\Card\CardDeckNoJokerTest" file="/home/xi/dbwebb-kurser/mvc/me/report/tests/Card/CardDeckNoJokerTest.php" tests="1" assertions="11" errors="0" warnings="0" failures="0" skipped="0" time="0.012512">
        <testcase name="testCreateCardDeckNoJoker" class="App\Card\CardDeckNoJokerTest" classname="App.Card.CardDeckNoJokerTest" file="/home/xi/dbwebb-kurser/mvc/me/report/tests/Card/CardDeckNoJokerTest.php" line="16" assertions="11" time="0.012512"/>
      </testsuite>
      <testsuite name="App\Card\CardDeckTest" file="/home/xi/dbwebb-kurser/mvc/me/report/tests/Card/CardDeckTest.php" tests="1" assertions="12" errors="0" warnings="0" failures="0" skipped="0" time="0.001305">
        <testcase name="testCreateCardDeck" class="App\Card\CardDeckTest" classname="App.Card.CardDeckTest" file="/home/xi/dbwebb-kurser/mvc/me/report/tests/Card/CardDeckTest.php" line="12" assertions="12" time="0.001305"/>
      </testsuite>
      <testsuite name="App\Card\CardHandTest" file="/home/xi/dbwebb-kurser/mvc/me/report/tests/Card/CardHandTest.php" tests="1" assertions="17" errors="0" warnings="0" failures="0" skipped="0" time="0.001625">
        <testcase name="testCreateCardHand" class="App\Card\CardHandTest" classname="App.Card.CardHandTest" file="/home/xi/dbwebb-kurser/mvc/me/report/tests/Card/CardHandTest.php" line="16" assertions="17" time="0.001625"/>
      </testsuite>
      <testsuite name="App\Card\CardTest" file="/home/xi/dbwebb-kurser/mvc/me/report/tests/Card/CardTest.php" tests="1" assertions="6" errors="0" warnings="0" failures="0" skipped="0" time="0.004317">
        <testcase name="testCreateCard" class="App\Card\CardTest" classname="App.Card.CardTest" file="/home/xi/dbwebb-kurser/mvc/me/report/tests/Card/CardTest.php" line="16" assertions="6" time="0.004317"/>
      </testsuite>
      <testsuite name="App\Card\GameTest" file="/home/xi/dbwebb-kurser/mvc/me/report/tests/Card/GameTest.php" tests="2" assertions="45" errors="0" warnings="0" failures="0" skipped="0" time="0.006033">
        <testcase name="testCreateGame" class="App\Card\GameTest" classname="App.Card.GameTest" file="/home/xi/dbwebb-kurser/mvc/me/report/tests/Card/GameTest.php" line="16" assertions="30" time="0.004185"/>
        <testcase name="testGameScore" class="App\Card\GameTest" classname="App.Card.GameTest" file="/home/xi/dbwebb-kurser/mvc/me/report/tests/Card/GameTest.php" line="67" assertions="15" time="0.001848"/>
      </testsuite>
      <testsuite name="App\Card\PlayerTest" file="/home/xi/dbwebb-kurser/mvc/me/report/tests/Card/PlayerTest.php" tests="1" assertions="21" errors="0" warnings="0" failures="0" skipped="0" time="0.000715">
        <testcase name="testCreatePlayer" class="App\Card\PlayerTest" classname="App.Card.PlayerTest" file="/home/xi/dbwebb-kurser/mvc/me/report/tests/Card/PlayerTest.php" line="16" assertions="21" time="0.000715"/>
      </testsuite>
      <testsuite name="App\Dice\DiceTest" file="/home/xi/dbwebb-kurser/mvc/me/report/tests/Dice/DiceTest.php" tests="3" assertions="12" errors="0" warnings="0" failures="0" skipped="0" time="0.003090">
        <testcase name="testCreateDice" class="App\Dice\DiceTest" classname="App.Dice.DiceTest" file="/home/xi/dbwebb-kurser/mvc/me/report/tests/Dice/DiceTest.php" line="16" assertions="4" time="0.001161"/>
        <testcase name="testRoll" class="App\Dice\DiceTest" classname="App.Dice.DiceTest" file="/home/xi/dbwebb-kurser/mvc/me/report/tests/Dice/DiceTest.php" line="29" assertions="5" time="0.001007"/>
        <testcase name="testDiceHand" class="App\Dice\DiceTest" classname="App.Dice.DiceTest" file="/home/xi/dbwebb-kurser/mvc/me/report/tests/Dice/DiceTest.php" line="43" assertions="3" time="0.000922"/>
      </testsuite>
      <testsuite name="App\Project\CardDeckNoJokerTest" file="/home/xi/dbwebb-kurser/mvc/me/report/tests/Project/CardDeckNoJokerTest.php" tests="1" assertions="11" errors="0" warnings="0" failures="0" skipped="0" time="0.001976">
        <testcase name="testCreateCardDeckNoJoker" class="App\Project\CardDeckNoJokerTest" classname="App.Project.CardDeckNoJokerTest" file="/home/xi/dbwebb-kurser/mvc/me/report/tests/Project/CardDeckNoJokerTest.php" line="16" assertions="11" time="0.001976"/>
      </testsuite>
      <testsuite name="App\Project\CardDeckTest" file="/home/xi/dbwebb-kurser/mvc/me/report/tests/Project/CardDeckTest.php" tests="1" assertions="12" errors="0" warnings="0" failures="0" skipped="0" time="0.001395">
        <testcase name="testCreateCardDeck" class="App\Project\CardDeckTest" classname="App.Project.CardDeckTest" file="/home/xi/dbwebb-kurser/mvc/me/report/tests/Project/CardDeckTest.php" line="12" assertions="12" time="0.001395"/>
      </testsuite>
      <testsuite name="App\Project\CardHandTest" file="/home/xi/dbwebb-kurser/mvc/me/report/tests/Project/CardHandTest.php" tests="1" assertions="17" errors="0" warnings="0" failures="0" skipped="0" time="0.001238">
        <testcase name="testCreateCardHand" class="App\Project\CardHandTest" classname="App.Project.CardHandTest" file="/home/xi/dbwebb-kurser/mvc/me/report/tests/Project/CardHandTest.php" line="16" assertions="17" time="0.001238"/>
      </testsuite>
      <testsuite name="App\Project\CardTest" file="/home/xi/dbwebb-kurser/mvc/me/report/tests/Project/CardTest.php" tests="1" assertions="6" errors="0" warnings="0" failures="0" skipped="0" time="0.000667">
        <testcase name="testCreateCard" class="App\Project\CardTest" classname="App.Project.CardTest" file="/home/xi/dbwebb-kurser/mvc/me/report/tests/Project/CardTest.php" line="16" assertions="6" time="0.000667"/>
      </testsuite>
      <testsuite name="App\Project\DrawnCardDeckTest" file="/home/xi/dbwebb-kurser/mvc/me/report/tests/Project/DrawnCardDeckTest.php" tests="1" assertions="6" errors="0" warnings="0" failures="0" skipped="0" time="0.001305">
        <testcase name="testDrawnCardDeck" class="App\Project\DrawnCardDeckTest" classname="App.Project.DrawnCardDeckTest" file="/home/xi/dbwebb-kurser/mvc/me/report/tests/Project/DrawnCardDeckTest.php" line="12" assertions="6" time="0.001305"/>
      </testsuite>
      <testsuite name="App\Project\GameTest" file="/home/xi/dbwebb-kurser/mvc/me/report/tests/Project/GameTest.php" tests="2" assertions="40" errors="0" warnings="0" failures="0" skipped="0" time="0.010910">
        <testcase name="testCreateGame" class="App\Project\GameTest" classname="App.Project.GameTest" file="/home/xi/dbwebb-kurser/mvc/me/report/tests/Project/GameTest.php" line="16" assertions="33" time="0.007171"/>
        <testcase name="testGameScore" class="App\Project\GameTest" classname="App.Project.GameTest" file="/home/xi/dbwebb-kurser/mvc/me/report/tests/Project/GameTest.php" line="70" assertions="7" time="0.003739"/>
      </testsuite>
      <testsuite name="App\Project\PlayerTest" file="/home/xi/dbwebb-kurser/mvc/me/report/tests/Project/PlayerTest.php" tests="1" assertions="16" errors="0" warnings="0" failures="0" skipped="0" time="0.000788">
        <testcase name="testCreatePlayer" class="App\Project\PlayerTest" classname="App.Project.PlayerTest" file="/home/xi/dbwebb-kurser/mvc/me/report/tests/Project/PlayerTest.php" line="16" assertions="16" time="0.000788"/>
      </testsuite>
    </testsuite>
  </testsuite>
</testsuites>
